<?xml version="1.0" encoding="UTF-8"?>
<!-- Generated by org.testng.reporters.JUnitReportReporter -->
<testsuite hostname="LAPTOP-D84E2QHT" failures="0" tests="2" name="testscript.LoginTest" time="34.137" errors="0" timestamp="2024-06-19T12:56:19 IST" skipped="0">
  <testcase classname="testscript.LoginTest" name="verifyLoginWithValidCredentials" time="17.510"/>
  <testcase classname="testscript.LoginTest" name="verifyLoginWithValidCredentials" time="16.627"/>
</testsuite> <!-- testscript.LoginTest -->
