<?xml version="1.0" encoding="UTF-8"?>
<!-- Generated by org.testng.reporters.JUnitReportReporter -->
<testsuite hostname="LAPTOP-D84E2QHT" failures="0" tests="1" name="testscript.CategoryTest" time="7.906" errors="0" timestamp="2024-06-12T23:25:59 IST" skipped="0">
  <testcase classname="testscript.CategoryTest" name="createNewCatgry" time="7.906"/>
</testsuite> <!-- testscript.CategoryTest -->
