<?xml version="1.0" encoding="UTF-8"?>
<!-- Generated by org.testng.reporters.JUnitReportReporter -->
<testsuite hostname="LAPTOP-D84E2QHT" failures="0" tests="1" name="testscript.ManageNewsTest" time="6.458" errors="0" timestamp="2024-06-13T11:27:52 IST" skipped="0">
  <testcase classname="testscript.ManageNewsTest" name="searchManageNews" time="6.458"/>
</testsuite> <!-- testscript.ManageNewsTest -->
