<?xml version="1.0" encoding="UTF-8"?>
<!-- Generated by org.testng.reporters.JUnitReportReporter -->
<testsuite hostname="LAPTOP-D84E2QHT" failures="0" tests="1" name="testscript.SubCategoryList" time="11.044" errors="0" timestamp="2024-06-13T11:03:18 IST" skipped="0">
  <testcase classname="testscript.SubCategoryList" name="subCategoryPage" time="11.044"/>
</testsuite> <!-- testscript.SubCategoryList -->
