<?xml version="1.0" encoding="UTF-8"?>
<!-- Generated by org.testng.reporters.JUnitReportReporter -->
<testsuite hostname="LAPTOP-D84E2QHT" failures="0" tests="1" name="testscript.ManageProductTest" time="9.830" errors="0" timestamp="2024-06-12T11:35:15 IST" skipped="0">
  <testcase classname="testscript.ManageProductTest" name="searchManageProduct" time="9.830"/>
</testsuite> <!-- testscript.ManageProductTest -->
